<?xml version="1.0" encoding="UTF-8"?>
<!-- Generated by org.testng.reporters.JUnitXMLReporter -->
<testsuite ignored="0" hostname="DESKTOP-8IO9O82" failures="0" tests="8" name="TestNG Course" time="0.038" errors="0" timestamp="2021-06-24T09:54:26 IST">
  <testcase classname="jun24.Sample2" name="f" time="0.001"/>
  <testcase classname="jun23.Demo3" name="test" time="0.001"/>
  <testcase classname="jun23.Demo3" name="test2" time="0.001"/>
  <testcase classname="jun23.Demo2" name="apple" time="0.002"/>
  <testcase classname="jun23.Demo2" name="fox" time="0.001"/>
  <testcase classname="jun23.Demo2" name="horse" time="0.001"/>
  <testcase classname="jun23.Demo1" name="f" time="0.004"/>
  <testcase classname="jun23.Demo1" name="f2" time="0.002"/>
</testsuite> <!-- TestNG Course -->
